# JRE version: OpenJDK Runtime Environment (8.0_112-b06) (build 1.8.0_112-release-b06)
# Java VM: OpenJDK 64-Bit Server VM (25.112-b06 mixed mode windows-amd64 compressed oops)
Heap:
 PSYoungGen      total 1203200K, used 201202K [0x0000000760000000, 0x00000007c0000000, 0x00000007c0000000)
  eden space 1001984K, 0% used [0x0000000760000000,0x0000000760000000,0x000000079d280000)
  from space 201216K, 99% used [0x000000079d280000,0x00000007a96fc820,0x00000007a9700000)
  to   space 262656K, 0% used [0x00000007aff80000,0x00000007aff80000,0x00000007c0000000)
 ParOldGen       total 538624K, used 482058K [0x00000006a0000000, 0x00000006c0e00000, 0x0000000760000000)
  object space 538624K, 89% used [0x00000006a0000000,0x00000006bd6c29b0,0x00000006c0e00000)
 Metaspace       used 81781K, capacity 85308K, committed 86488K, reserved 1124352K
  class space    used 10455K, capacity 11352K, committed 11480K, reserved 1048576K
GC Heap History (10 events):
Event: 249.750 GC heap after
Heap after GC invocations=26 (full 6):
 PSYoungGen      total 990208K, used 145385K [0x0000000760000000, 0x00000007aeb80000, 0x00000007c0000000)
  eden space 844800K, 0% used [0x0000000760000000,0x0000000760000000,0x0000000793900000)
  from space 145408K, 99% used [0x000000079f000000,0x00000007a7dfa568,0x00000007a7e00000)
  to   space 187392K, 0% used [0x0000000793900000,0x0000000793900000,0x000000079f000000)
 ParOldGen       total 278528K, used 165004K [0x00000006a0000000, 0x00000006b1000000, 0x0000000760000000)
  object space 278528K, 59% used [0x00000006a0000000,0x00000006aa123318,0x00000006b1000000)
 Metaspace       used 81756K, capacity 85308K, committed 86488K, reserved 1124352K
  class space    used 10454K, capacity 11352K, committed 11480K, reserved 1048576K
}
Event: 253.729 GC heap before
{Heap before GC invocations=27 (full 6):
 PSYoungGen      total 990208K, used 990185K [0x0000000760000000, 0x00000007aeb80000, 0x00000007c0000000)
  eden space 844800K, 100% used [0x0000000760000000,0x0000000793900000,0x0000000793900000)
  from space 145408K, 99% used [0x000000079f000000,0x00000007a7dfa568,0x00000007a7e00000)
  to   space 187392K, 0% used [0x0000000793900000,0x0000000793900000,0x000000079f000000)
 ParOldGen       total 278528K, used 165004K [0x00000006a0000000, 0x00000006b1000000, 0x0000000760000000)
  object space 278528K, 59% used [0x00000006a0000000,0x00000006aa123318,0x00000006b1000000)
 Metaspace       used 81772K, capacity 85308K, committed 86488K, reserved 1124352K
  class space    used 10455K, capacity 11352K, committed 11480K, reserved 1048576K
Event: 254.267 GC heap after
Heap after GC invocations=27 (full 6):
 PSYoungGen      total 1032192K, used 112865K [0x0000000760000000, 0x00000007b9580000, 0x00000007c0000000)
  eden space 844800K, 0% used [0x0000000760000000,0x0000000760000000,0x0000000793900000)
  from space 187392K, 60% used [0x0000000793900000,0x000000079a738598,0x000000079f000000)
  to   space 191488K, 0% used [0x00000007ada80000,0x00000007ada80000,0x00000007b9580000)
 ParOldGen       total 309760K, used 309479K [0x00000006a0000000, 0x00000006b2e80000, 0x0000000760000000)
  object space 309760K, 99% used [0x00000006a0000000,0x00000006b2e39fa8,0x00000006b2e80000)
 Metaspace       used 81772K, capacity 85308K, committed 86488K, reserved 1124352K
  class space    used 10455K, capacity 11352K, committed 11480K, reserved 1048576K
}
Event: 254.267 GC heap before
{Heap before GC invocations=28 (full 7):
 PSYoungGen      total 1032192K, used 112865K [0x0000000760000000, 0x00000007b9580000, 0x00000007c0000000)
  eden space 844800K, 0% used [0x0000000760000000,0x0000000760000000,0x0000000793900000)
  from space 187392K, 60% used [0x0000000793900000,0x000000079a738598,0x000000079f000000)
  to   space 191488K, 0% used [0x00000007ada80000,0x00000007ada80000,0x00000007b9580000)
 ParOldGen       total 309760K, used 309479K [0x00000006a0000000, 0x00000006b2e80000, 0x0000000760000000)
  object space 309760K, 99% used [0x00000006a0000000,0x00000006b2e39fa8,0x00000006b2e80000)
 Metaspace       used 81772K, capacity 85308K, committed 86488K, reserved 1124352K
  class space    used 10455K, capacity 11352K, committed 11480K, reserved 1048576K
Event: 259.616 GC heap after
Heap after GC invocations=28 (full 7):
 PSYoungGen      total 1032192K, used 98161K [0x0000000760000000, 0x00000007b9580000, 0x00000007c0000000)
  eden space 844800K, 0% used [0x0000000760000000,0x0000000760000000,0x0000000793900000)
  from space 187392K, 52% used [0x0000000793900000,0x00000007998dc500,0x000000079f000000)
  to   space 191488K, 0% used [0x00000007ada80000,0x00000007ada80000,0x00000007b9580000)
 ParOldGen       total 538624K, used 309254K [0x00000006a0000000, 0x00000006c0e00000, 0x0000000760000000)
  object space 538624K, 57% used [0x00000006a0000000,0x00000006b2e01850,0x00000006c0e00000)
 Metaspace       used 81772K, capacity 85308K, committed 86488K, reserved 1124352K
  class space    used 10455K, capacity 11352K, committed 11480K, reserved 1048576K
}
Event: 263.959 GC heap before
{Heap before GC invocations=29 (full 7):
 PSYoungGen      total 1032192K, used 942961K [0x0000000760000000, 0x00000007b9580000, 0x00000007c0000000)
  eden space 844800K, 100% used [0x0000000760000000,0x0000000793900000,0x0000000793900000)
  from space 187392K, 52% used [0x0000000793900000,0x00000007998dc500,0x000000079f000000)
  to   space 191488K, 0% used [0x00000007ada80000,0x00000007ada80000,0x00000007b9580000)
 ParOldGen       total 538624K, used 309254K [0x00000006a0000000, 0x00000006c0e00000, 0x0000000760000000)
  object space 538624K, 57% used [0x00000006a0000000,0x00000006b2e01850,0x00000006c0e00000)
 Metaspace       used 81774K, capacity 85308K, committed 86488K, reserved 1124352K
  class space    used 10455K, capacity 11352K, committed 11480K, reserved 1048576K
Event: 264.739 GC heap after
Heap after GC invocations=29 (full 7):
 PSYoungGen      total 1126912K, used 131751K [0x0000000760000000, 0x00000007b5b80000, 0x00000007c0000000)
  eden space 994816K, 0% used [0x0000000760000000,0x0000000760000000,0x000000079cb80000)
  from space 132096K, 99% used [0x00000007ada80000,0x00000007b5b29cf0,0x00000007b5b80000)
  to   space 201216K, 0% used [0x000000079d280000,0x000000079d280000,0x00000007a9700000)
 ParOldGen       total 538624K, used 404997K [0x00000006a0000000, 0x00000006c0e00000, 0x0000000760000000)
  object space 538624K, 75% used [0x00000006a0000000,0x00000006b8b816d0,0x00000006c0e00000)
 Metaspace       used 81774K, capacity 85308K, committed 86488K, reserved 1124352K
  class space    used 10455K, capacity 11352K, committed 11480K, reserved 1048576K
}
Event: 269.349 GC heap before
{Heap before GC invocations=30 (full 7):
 PSYoungGen      total 1126912K, used 1126567K [0x0000000760000000, 0x00000007b5b80000, 0x00000007c0000000)
  eden space 994816K, 100% used [0x0000000760000000,0x000000079cb80000,0x000000079cb80000)
  from space 132096K, 99% used [0x00000007ada80000,0x00000007b5b29cf0,0x00000007b5b80000)
  to   space 201216K, 0% used [0x000000079d280000,0x000000079d280000,0x00000007a9700000)
 ParOldGen       total 538624K, used 404997K [0x00000006a0000000, 0x00000006c0e00000, 0x0000000760000000)
  object space 538624K, 75% used [0x00000006a0000000,0x00000006b8b816d0,0x00000006c0e00000)
 Metaspace       used 81781K, capacity 85308K, committed 86488K, reserved 1124352K
  class space    used 10455K, capacity 11352K, committed 11480K, reserved 1048576K
Event: 270.275 GC heap after
Heap after GC invocations=30 (full 7):
 PSYoungGen      total 1203200K, used 201202K [0x0000000760000000, 0x00000007c0000000, 0x00000007c0000000)
  eden space 1001984K, 0% used [0x0000000760000000,0x0000000760000000,0x000000079d280000)
  from space 201216K, 99% used [0x000000079d280000,0x00000007a96fc820,0x00000007a9700000)
  to   space 262656K, 0% used [0x00000007aff80000,0x00000007aff80000,0x00000007c0000000)
 ParOldGen       total 538624K, used 482058K [0x00000006a0000000, 0x00000006c0e00000, 0x0000000760000000)
  object space 538624K, 89% used [0x00000006a0000000,0x00000006bd6c29b0,0x00000006c0e00000)
 Metaspace       used 81781K, capacity 85308K, committed 86488K, reserved 1124352K
  class space    used 10455K, capacity 11352K, committed 11480K, reserved 1048576K
}
Event: 270.275 GC heap before
{Heap before GC invocations=31 (full 8):
 PSYoungGen      total 1203200K, used 201202K [0x0000000760000000, 0x00000007c0000000, 0x00000007c0000000)
  eden space 1001984K, 0% used [0x0000000760000000,0x0000000760000000,0x000000079d280000)
  from space 201216K, 99% used [0x000000079d280000,0x00000007a96fc820,0x00000007a9700000)
  to   space 262656K, 0% used [0x00000007aff80000,0x00000007aff80000,0x00000007c0000000)
 ParOldGen       total 538624K, used 482058K [0x00000006a0000000, 0x00000006c0e00000, 0x0000000760000000)
  object space 538624K, 89% used [0x00000006a0000000,0x00000006bd6c29b0,0x00000006c0e00000)
 Metaspace       used 81781K, capacity 85308K, committed 86488K, reserved 1124352K
  class space    used 10455K, capacity 11352K, committed 11480K, reserved 1048576K

