# JRE version: OpenJDK Runtime Environment (8.0_112-b06) (build 1.8.0_112-release-b06)
# Java VM: OpenJDK 64-Bit Server VM (25.112-b06 mixed mode windows-amd64 compressed oops)
Heap:
 PSYoungGen      total 698368K, used 454219K [0x0000000760000000, 0x0000000798980000, 0x00000007c0000000)
  eden space 573952K, 79% used [0x0000000760000000,0x000000077bb92c48,0x0000000783080000)
  from space 124416K, 0% used [0x0000000783080000,0x0000000783080000,0x000000078aa00000)
  to   space 129536K, 0% used [0x0000000790b00000,0x0000000790b00000,0x0000000798980000)
 ParOldGen       total 256512K, used 94691K [0x00000006a0000000, 0x00000006afa80000, 0x0000000760000000)
  object space 256512K, 36% used [0x00000006a0000000,0x00000006a5c78d58,0x00000006afa80000)
 Metaspace       used 81438K, capacity 84914K, committed 85976K, reserved 1124352K
  class space    used 10461K, capacity 11353K, committed 11520K, reserved 1048576K
GC Heap History (10 events):
Event: 161.441 GC heap before
{Heap before GC invocations=23 (full 5):
 PSYoungGen      total 534016K, used 468480K [0x0000000760000000, 0x000000078eb80000, 0x00000007c0000000)
  eden space 468480K, 100% used [0x0000000760000000,0x000000077c980000,0x000000077c980000)
  from space 65536K, 0% used [0x000000077c980000,0x000000077c980000,0x0000000780980000)
  to   space 98816K, 0% used [0x0000000788b00000,0x0000000788b00000,0x000000078eb80000)
 ParOldGen       total 340992K, used 206001K [0x00000006a0000000, 0x00000006b4d00000, 0x0000000760000000)
  object space 340992K, 60% used [0x00000006a0000000,0x00000006ac92c440,0x00000006b4d00000)
 Metaspace       used 77125K, capacity 80654K, committed 80856K, reserved 1120256K
  class space    used 9990K, capacity 10894K, committed 11008K, reserved 1048576K
Event: 161.514 GC heap after
Heap after GC invocations=23 (full 5):
 PSYoungGen      total 600064K, used 24271K [0x0000000760000000, 0x000000078c600000, 0x00000007c0000000)
  eden space 539648K, 0% used [0x0000000760000000,0x0000000760000000,0x0000000780f00000)
  from space 60416K, 40% used [0x0000000788b00000,0x000000078a2b3d70,0x000000078c600000)
  to   space 93696K, 0% used [0x0000000780f00000,0x0000000780f00000,0x0000000786a80000)
 ParOldGen       total 340992K, used 206001K [0x00000006a0000000, 0x00000006b4d00000, 0x0000000760000000)
  object space 340992K, 60% used [0x00000006a0000000,0x00000006ac92c440,0x00000006b4d00000)
 Metaspace       used 77125K, capacity 80654K, committed 80856K, reserved 1120256K
  class space    used 9990K, capacity 10894K, committed 11008K, reserved 1048576K
}
Event: 188.889 GC heap before
{Heap before GC invocations=24 (full 5):
 PSYoungGen      total 600064K, used 563919K [0x0000000760000000, 0x000000078c600000, 0x00000007c0000000)
  eden space 539648K, 100% used [0x0000000760000000,0x0000000780f00000,0x0000000780f00000)
  from space 60416K, 40% used [0x0000000788b00000,0x000000078a2b3d70,0x000000078c600000)
  to   space 93696K, 0% used [0x0000000780f00000,0x0000000780f00000,0x0000000786a80000)
 ParOldGen       total 340992K, used 206001K [0x00000006a0000000, 0x00000006b4d00000, 0x0000000760000000)
  object space 340992K, 60% used [0x00000006a0000000,0x00000006ac92c440,0x00000006b4d00000)
 Metaspace       used 78719K, capacity 82282K, committed 82520K, reserved 1120256K
  class space    used 10180K, capacity 11071K, committed 11136K, reserved 1048576K
Event: 188.987 GC heap after
Heap after GC invocations=24 (full 5):
 PSYoungGen      total 633344K, used 34506K [0x0000000760000000, 0x0000000790080000, 0x00000007c0000000)
  eden space 539648K, 0% used [0x0000000760000000,0x0000000760000000,0x0000000780f00000)
  from space 93696K, 36% used [0x0000000780f00000,0x00000007830b2aa8,0x0000000786a80000)
  to   space 88576K, 0% used [0x000000078aa00000,0x000000078aa00000,0x0000000790080000)
 ParOldGen       total 340992K, used 206009K [0x00000006a0000000, 0x00000006b4d00000, 0x0000000760000000)
  object space 340992K, 60% used [0x00000006a0000000,0x00000006ac92e440,0x00000006b4d00000)
 Metaspace       used 78719K, capacity 82282K, committed 82520K, reserved 1120256K
  class space    used 10180K, capacity 11071K, committed 11136K, reserved 1048576K
}
Event: 194.033 GC heap before
{Heap before GC invocations=25 (full 5):
 PSYoungGen      total 633344K, used 574154K [0x0000000760000000, 0x0000000790080000, 0x00000007c0000000)
  eden space 539648K, 100% used [0x0000000760000000,0x0000000780f00000,0x0000000780f00000)
  from space 93696K, 36% used [0x0000000780f00000,0x00000007830b2aa8,0x0000000786a80000)
  to   space 88576K, 0% used [0x000000078aa00000,0x000000078aa00000,0x0000000790080000)
 ParOldGen       total 340992K, used 206009K [0x00000006a0000000, 0x00000006b4d00000, 0x0000000760000000)
  object space 340992K, 60% used [0x00000006a0000000,0x00000006ac92e440,0x00000006b4d00000)
 Metaspace       used 78962K, capacity 82506K, committed 82776K, reserved 1120256K
  class space    used 10211K, capacity 11103K, committed 11136K, reserved 1048576K
Event: 194.365 GC heap after
Heap after GC invocations=25 (full 5):
 PSYoungGen      total 662528K, used 88560K [0x0000000760000000, 0x0000000795b00000, 0x00000007c0000000)
  eden space 573952K, 0% used [0x0000000760000000,0x0000000760000000,0x0000000783080000)
  from space 88576K, 99% used [0x000000078aa00000,0x000000079007c298,0x0000000790080000)
  to   space 124416K, 0% used [0x0000000783080000,0x0000000783080000,0x000000078aa00000)
 ParOldGen       total 340992K, used 262588K [0x00000006a0000000, 0x00000006b4d00000, 0x0000000760000000)
  object space 340992K, 77% used [0x00000006a0000000,0x00000006b006f0c8,0x00000006b4d00000)
 Metaspace       used 78962K, capacity 82506K, committed 82776K, reserved 1120256K
  class space    used 10211K, capacity 11103K, committed 11136K, reserved 1048576K
}
Event: 208.401 GC heap before
{Heap before GC invocations=26 (full 5):
 PSYoungGen      total 662528K, used 662512K [0x0000000760000000, 0x0000000795b00000, 0x00000007c0000000)
  eden space 573952K, 100% used [0x0000000760000000,0x0000000783080000,0x0000000783080000)
  from space 88576K, 99% used [0x000000078aa00000,0x000000079007c298,0x0000000790080000)
  to   space 124416K, 0% used [0x0000000783080000,0x0000000783080000,0x000000078aa00000)
 ParOldGen       total 340992K, used 262588K [0x00000006a0000000, 0x00000006b4d00000, 0x0000000760000000)
  object space 340992K, 77% used [0x00000006a0000000,0x00000006b006f0c8,0x00000006b4d00000)
 Metaspace       used 82305K, capacity 85820K, committed 85976K, reserved 1124352K
  class space    used 10557K, capacity 11460K, committed 11520K, reserved 1048576K
Event: 208.752 GC heap after
Heap after GC invocations=26 (full 5):
 PSYoungGen      total 698368K, used 80074K [0x0000000760000000, 0x0000000798980000, 0x00000007c0000000)
  eden space 573952K, 0% used [0x0000000760000000,0x0000000760000000,0x0000000783080000)
  from space 124416K, 64% used [0x0000000783080000,0x0000000787eb2a70,0x000000078aa00000)
  to   space 129536K, 0% used [0x0000000790b00000,0x0000000790b00000,0x0000000798980000)
 ParOldGen       total 340992K, used 284953K [0x00000006a0000000, 0x00000006b4d00000, 0x0000000760000000)
  object space 340992K, 83% used [0x00000006a0000000,0x00000006b16466a0,0x00000006b4d00000)
 Metaspace       used 82305K, capacity 85820K, committed 85976K, reserved 1124352K
  class space    used 10557K, capacity 11460K, committed 11520K, reserved 1048576K
}
Event: 208.752 GC heap before
{Heap before GC invocations=27 (full 6):
 PSYoungGen      total 698368K, used 80074K [0x0000000760000000, 0x0000000798980000, 0x00000007c0000000)
  eden space 573952K, 0% used [0x0000000760000000,0x0000000760000000,0x0000000783080000)
  from space 124416K, 64% used [0x0000000783080000,0x0000000787eb2a70,0x000000078aa00000)
  to   space 129536K, 0% used [0x0000000790b00000,0x0000000790b00000,0x0000000798980000)
 ParOldGen       total 340992K, used 284953K [0x00000006a0000000, 0x00000006b4d00000, 0x0000000760000000)
  object space 340992K, 83% used [0x00000006a0000000,0x00000006b16466a0,0x00000006b4d00000)
 Metaspace       used 82305K, capacity 85820K, committed 85976K, reserved 1124352K
  class space    used 10557K, capacity 11460K, committed 11520K, reserved 1048576K
Event: 209.412 GC heap after
Heap after GC invocations=27 (full 6):
 PSYoungGen      total 698368K, used 0K [0x0000000760000000, 0x0000000798980000, 0x00000007c0000000)
  eden space 573952K, 0% used [0x0000000760000000,0x0000000760000000,0x0000000783080000)
  from space 124416K, 0% used [0x0000000783080000,0x0000000783080000,0x000000078aa00000)
  to   space 129536K, 0% used [0x0000000790b00000,0x0000000790b00000,0x0000000798980000)
 ParOldGen       total 256512K, used 94691K [0x00000006a0000000, 0x00000006afa80000, 0x0000000760000000)
  object space 256512K, 36% used [0x00000006a0000000,0x00000006a5c78d58,0x00000006afa80000)
 Metaspace       used 81264K, capacity 84722K, committed 85976K, reserved 1124352K
  class space    used 10458K, capacity 11353K, committed 11520K, reserved 1048576K
}

