# JRE version: OpenJDK Runtime Environment (8.0_112-b06) (build 1.8.0_112-release-b06)
# Java VM: OpenJDK 64-Bit Server VM (25.112-b06 mixed mode windows-amd64 compressed oops)
Heap:
 PSYoungGen      total 648704K, used 56300K [0x0000000760000000, 0x000000079d600000, 0x00000007c0000000)
  eden space 592384K, 0% used [0x0000000760000000,0x0000000760000000,0x0000000784280000)
  from space 56320K, 99% used [0x0000000784280000,0x000000078797b170,0x0000000787980000)
  to   space 92160K, 0% used [0x0000000797c00000,0x0000000797c00000,0x000000079d600000)
 ParOldGen       total 193024K, used 192849K [0x00000006a0000000, 0x00000006abc80000, 0x0000000760000000)
  object space 193024K, 99% used [0x00000006a0000000,0x00000006abc54410,0x00000006abc80000)
 Metaspace       used 62718K, capacity 64822K, committed 65152K, reserved 1105920K
  class space    used 8276K, capacity 8801K, committed 8832K, reserved 1048576K
GC Heap History (10 events):
Event: 51.903 GC heap after
Heap after GC invocations=13 (full 3):
 PSYoungGen      total 472064K, used 11797K [0x0000000760000000, 0x000000077f200000, 0x00000007c0000000)
  eden space 457728K, 0% used [0x0000000760000000,0x0000000760000000,0x000000077bf00000)
  from space 14336K, 82% used [0x000000077e400000,0x000000077ef856c0,0x000000077f200000)
  to   space 26112K, 0% used [0x000000077bf00000,0x000000077bf00000,0x000000077d880000)
 ParOldGen       total 104448K, used 50500K [0x00000006a0000000, 0x00000006a6600000, 0x0000000760000000)
  object space 104448K, 48% used [0x00000006a0000000,0x00000006a3151208,0x00000006a6600000)
 Metaspace       used 59775K, capacity 61742K, committed 61824K, reserved 1101824K
  class space    used 8034K, capacity 8541K, committed 8576K, reserved 1048576K
}
Event: 60.875 GC heap before
{Heap before GC invocations=14 (full 3):
 PSYoungGen      total 472064K, used 469525K [0x0000000760000000, 0x000000077f200000, 0x00000007c0000000)
  eden space 457728K, 100% used [0x0000000760000000,0x000000077bf00000,0x000000077bf00000)
  from space 14336K, 82% used [0x000000077e400000,0x000000077ef856c0,0x000000077f200000)
  to   space 26112K, 0% used [0x000000077bf00000,0x000000077bf00000,0x000000077d880000)
 ParOldGen       total 104448K, used 50500K [0x00000006a0000000, 0x00000006a6600000, 0x0000000760000000)
  object space 104448K, 48% used [0x00000006a0000000,0x00000006a3151208,0x00000006a6600000)
 Metaspace       used 62651K, capacity 64700K, committed 64896K, reserved 1105920K
  class space    used 8273K, capacity 8802K, committed 8832K, reserved 1048576K
Event: 61.010 GC heap after
Heap after GC invocations=14 (full 3):
 PSYoungGen      total 483840K, used 26107K [0x0000000760000000, 0x000000078a280000, 0x00000007c0000000)
  eden space 457728K, 0% used [0x0000000760000000,0x0000000760000000,0x000000077bf00000)
  from space 26112K, 99% used [0x000000077bf00000,0x000000077d87ec68,0x000000077d880000)
  to   space 41984K, 0% used [0x0000000787980000,0x0000000787980000,0x000000078a280000)
 ParOldGen       total 104448K, used 82317K [0x00000006a0000000, 0x00000006a6600000, 0x0000000760000000)
  object space 104448K, 78% used [0x00000006a0000000,0x00000006a5063440,0x00000006a6600000)
 Metaspace       used 62651K, capacity 64700K, committed 64896K, reserved 1105920K
  class space    used 8273K, capacity 8802K, committed 8832K, reserved 1048576K
}
Event: 61.010 GC heap before
{Heap before GC invocations=15 (full 4):
 PSYoungGen      total 483840K, used 26107K [0x0000000760000000, 0x000000078a280000, 0x00000007c0000000)
  eden space 457728K, 0% used [0x0000000760000000,0x0000000760000000,0x000000077bf00000)
  from space 26112K, 99% used [0x000000077bf00000,0x000000077d87ec68,0x000000077d880000)
  to   space 41984K, 0% used [0x0000000787980000,0x0000000787980000,0x000000078a280000)
 ParOldGen       total 104448K, used 82317K [0x00000006a0000000, 0x00000006a6600000, 0x0000000760000000)
  object space 104448K, 78% used [0x00000006a0000000,0x00000006a5063440,0x00000006a6600000)
 Metaspace       used 62651K, capacity 64700K, committed 64896K, reserved 1105920K
  class space    used 8273K, capacity 8802K, committed 8832K, reserved 1048576K
Event: 62.104 GC heap after
Heap after GC invocations=15 (full 4):
 PSYoungGen      total 483840K, used 0K [0x0000000760000000, 0x000000078a280000, 0x00000007c0000000)
  eden space 457728K, 0% used [0x0000000760000000,0x0000000760000000,0x000000077bf00000)
  from space 26112K, 0% used [0x000000077bf00000,0x000000077bf00000,0x000000077d880000)
  to   space 41984K, 0% used [0x0000000787980000,0x0000000787980000,0x000000078a280000)
 ParOldGen       total 175104K, used 100985K [0x00000006a0000000, 0x00000006aab00000, 0x0000000760000000)
  object space 175104K, 57% used [0x00000006a0000000,0x00000006a629e6b0,0x00000006aab00000)
 Metaspace       used 62650K, capacity 64694K, committed 64896K, reserved 1105920K
  class space    used 8273K, capacity 8801K, committed 8832K, reserved 1048576K
}
Event: 65.051 GC heap before
{Heap before GC invocations=16 (full 4):
 PSYoungGen      total 483840K, used 457728K [0x0000000760000000, 0x000000078a280000, 0x00000007c0000000)
  eden space 457728K, 100% used [0x0000000760000000,0x000000077bf00000,0x000000077bf00000)
  from space 26112K, 0% used [0x000000077bf00000,0x000000077bf00000,0x000000077d880000)
  to   space 41984K, 0% used [0x0000000787980000,0x0000000787980000,0x000000078a280000)
 ParOldGen       total 175104K, used 100985K [0x00000006a0000000, 0x00000006aab00000, 0x0000000760000000)
  object space 175104K, 57% used [0x00000006a0000000,0x00000006a629e6b0,0x00000006aab00000)
 Metaspace       used 62710K, capacity 64822K, committed 65152K, reserved 1105920K
  class space    used 8274K, capacity 8801K, committed 8832K, reserved 1048576K
Event: 65.354 GC heap after
Heap after GC invocations=16 (full 4):
 PSYoungGen      total 634368K, used 41953K [0x0000000760000000, 0x000000078c800000, 0x00000007c0000000)
  eden space 592384K, 0% used [0x0000000760000000,0x0000000760000000,0x0000000784280000)
  from space 41984K, 99% used [0x0000000787980000,0x000000078a2785d0,0x000000078a280000)
  to   space 56320K, 0% used [0x0000000784280000,0x0000000784280000,0x0000000787980000)
 ParOldGen       total 175104K, used 122049K [0x00000006a0000000, 0x00000006aab00000, 0x0000000760000000)
  object space 175104K, 69% used [0x00000006a0000000,0x00000006a7730698,0x00000006aab00000)
 Metaspace       used 62710K, capacity 64822K, committed 65152K, reserved 1105920K
  class space    used 8274K, capacity 8801K, committed 8832K, reserved 1048576K
}
Event: 72.643 GC heap before
{Heap before GC invocations=17 (full 4):
 PSYoungGen      total 634368K, used 634337K [0x0000000760000000, 0x000000078c800000, 0x00000007c0000000)
  eden space 592384K, 100% used [0x0000000760000000,0x0000000784280000,0x0000000784280000)
  from space 41984K, 99% used [0x0000000787980000,0x000000078a2785d0,0x000000078a280000)
  to   space 56320K, 0% used [0x0000000784280000,0x0000000784280000,0x0000000787980000)
 ParOldGen       total 175104K, used 122049K [0x00000006a0000000, 0x00000006aab00000, 0x0000000760000000)
  object space 175104K, 69% used [0x00000006a0000000,0x00000006a7730698,0x00000006aab00000)
 Metaspace       used 62718K, capacity 64822K, committed 65152K, reserved 1105920K
  class space    used 8276K, capacity 8801K, committed 8832K, reserved 1048576K
Event: 73.575 GC heap after
Heap after GC invocations=17 (full 4):
 PSYoungGen      total 648704K, used 56300K [0x0000000760000000, 0x000000079d600000, 0x00000007c0000000)
  eden space 592384K, 0% used [0x0000000760000000,0x0000000760000000,0x0000000784280000)
  from space 56320K, 99% used [0x0000000784280000,0x000000078797b170,0x0000000787980000)
  to   space 92160K, 0% used [0x0000000797c00000,0x0000000797c00000,0x000000079d600000)
 ParOldGen       total 193024K, used 192849K [0x00000006a0000000, 0x00000006abc80000, 0x0000000760000000)
  object space 193024K, 99% used [0x00000006a0000000,0x00000006abc54410,0x00000006abc80000)
 Metaspace       used 62718K, capacity 64822K, committed 65152K, reserved 1105920K
  class space    used 8276K, capacity 8801K, committed 8832K, reserved 1048576K
}
Event: 73.575 GC heap before
{Heap before GC invocations=18 (full 5):
 PSYoungGen      total 648704K, used 56300K [0x0000000760000000, 0x000000079d600000, 0x00000007c0000000)
  eden space 592384K, 0% used [0x0000000760000000,0x0000000760000000,0x0000000784280000)
  from space 56320K, 99% used [0x0000000784280000,0x000000078797b170,0x0000000787980000)
  to   space 92160K, 0% used [0x0000000797c00000,0x0000000797c00000,0x000000079d600000)
 ParOldGen       total 193024K, used 192849K [0x00000006a0000000, 0x00000006abc80000, 0x0000000760000000)
  object space 193024K, 99% used [0x00000006a0000000,0x00000006abc54410,0x00000006abc80000)
 Metaspace       used 62718K, capacity 64822K, committed 65152K, reserved 1105920K
  class space    used 8276K, capacity 8801K, committed 8832K, reserved 1048576K

